<?xml version="1.0" encoding="UTF-8"?>
<!-- Generated by org.testng.reporters.JUnitReportReporter -->
<testsuite hostname="Chaitra" failures="0" tests="5" name="com.salesforce.automationtests.AutomationScripts" time="21.164" errors="0" timestamp="2024-02-19T17:40:11 PST" skipped="0">
  <testcase classname="com.salesforce.automationtests.AutomationScripts" name="case4" time="4.476"/>
  <system-out/>
  <testcase classname="com.salesforce.automationtests.AutomationScripts" name="case4B" time="1.988"/>
  <system-out/>
  <testcase classname="com.salesforce.automationtests.AutomationScripts" name="case1" time="2.793"/>
  <system-out/>
  <testcase classname="com.salesforce.automationtests.AutomationScripts" name="succesLogin" time="4.213"/>
  <system-out/>
  <testcase classname="com.salesforce.automationtests.AutomationScripts" name="case3" time="7.694"/>
  <system-out/>
</testsuite> <!-- com.salesforce.automationtests.AutomationScripts -->
