<?xml version="1.0" encoding="UTF-8"?>
<!-- Generated by org.testng.reporters.JUnitReportReporter -->
<testsuite hostname="Chaitra" failures="0" tests="1" name="com.tekarch.firebase.automationtests.AutomationScripts" time="2.409" errors="0" timestamp="2024-02-15T21:35:09 PST" skipped="0">
  <testcase classname="com.tekarch.firebase.automationtests.AutomationScripts" name="succesLogin" time="2.409"/>
  <system-out/>
</testsuite> <!-- com.tekarch.firebase.automationtests.AutomationScripts -->
