<?xml version="1.0" encoding="UTF-8"?>
<!-- Generated by org.testng.reporters.JUnitReportReporter -->
<testsuite hostname="Chaitra" failures="0" tests="5" name="com.salesforce.automationtests.SFDCLoginAutomationScripts" time="26.317" errors="0" timestamp="2024-02-21T09:48:30 PST" skipped="0">
  <testcase classname="com.salesforce.automationtests.SFDCLoginAutomationScripts" name="case4" time="4.879"/>
  <system-out/>
  <testcase classname="com.salesforce.automationtests.SFDCLoginAutomationScripts" name="case4B" time="2.279"/>
  <system-out/>
  <testcase classname="com.salesforce.automationtests.SFDCLoginAutomationScripts" name="succesLogin" time="7.601"/>
  <system-out/>
  <testcase classname="com.salesforce.automationtests.SFDCLoginAutomationScripts" name="case1" time="3.798"/>
  <system-out/>
  <testcase classname="com.salesforce.automationtests.SFDCLoginAutomationScripts" name="case3" time="7.760"/>
  <system-out/>
</testsuite> <!-- com.salesforce.automationtests.SFDCLoginAutomationScripts -->
